\BOOKMARK [1][-]{section.1}{\376\377\000I\000n\000t\000r\000o\000d\000u\000c\000t\000i\000o\000n}{}% 1
\BOOKMARK [1][-]{section.2}{\376\377\000D\000a\000t\000a}{}% 2
\BOOKMARK [2][-]{subsection.2.1}{\376\377\000C\000u\000s\000t\000o\000m\000s\000\040\000T\000r\000a\000n\000s\000a\000c\000t\000i\000o\000n\000\040\000R\000e\000c\000o\000r\000d\000s}{section.2}% 3
\BOOKMARK [2][-]{subsection.2.2}{\376\377\000C\000h\000i\000n\000e\000s\000e\000\040\000F\000i\000r\000m\000-\000l\000e\000v\000e\000l\000\040\000D\000a\000t\000a}{section.2}% 4
\BOOKMARK [2][-]{subsection.2.3}{\376\377\000C\000o\000u\000n\000t\000r\000y\000-\000l\000e\000v\000e\000l\000\040\000M\000a\000c\000r\000o\000\040\000D\000a\000t\000a}{section.2}% 5
\BOOKMARK [1][-]{section.3}{\376\377\000E\000m\000p\000i\000r\000i\000c\000a\000l\000\040\000F\000r\000a\000m\000e\000w\000o\000r\000k}{}% 6
\BOOKMARK [2][-]{subsection.3.1}{\376\377\000E\000s\000t\000i\000m\000a\000t\000i\000n\000g\000\040\000E\000q\000u\000a\000t\000i\000o\000n\000s}{section.3}% 7
\BOOKMARK [3][-]{subsubsection.3.1.1}{\376\377\000B\000a\000s\000e\000l\000i\000n\000e\000\040\000e\000s\000t\000i\000m\000a\000t\000i\000o\000n\000s\000\040\000o\000f\000\040\000e\000x\000c\000h\000a\000n\000g\000e\000\040\000r\000a\000t\000e\000\040\000p\000a\000s\000s\000-\000t\000h\000r\000o\000u\000g\000h}{subsection.3.1}% 8
\BOOKMARK [3][-]{subsubsection.3.1.2}{\376\377\000E\000s\000t\000i\000m\000a\000t\000i\000o\000n\000s\000\040\000w\000i\000t\000h\000\040\000c\000r\000e\000d\000i\000t\000\040\000c\000o\000n\000s\000t\000r\000a\000i\000n\000t\000s}{subsection.3.1}% 9
\BOOKMARK [3][-]{subsubsection.3.1.3}{\376\377\000E\000s\000t\000i\000m\000a\000t\000i\000o\000n\000s\000\040\000w\000i\000t\000h\000\040\000a\000d\000d\000i\000t\000i\000o\000n\000a\000l\000\040\000f\000a\000c\000t\000o\000r\000s}{subsection.3.1}% 10
\BOOKMARK [2][-]{subsection.3.2}{\376\377\000M\000e\000a\000s\000u\000r\000e\000m\000e\000n\000t\000s}{section.3}% 11
\BOOKMARK [3][-]{subsubsection.3.2.1}{\376\377\000U\000n\000i\000t\000\040\000v\000a\000l\000u\000e\000\040\000a\000s\000\040\000t\000r\000a\000d\000e\000\040\000p\000r\000i\000c\000e}{subsection.3.2}% 12
\BOOKMARK [3][-]{subsubsection.3.2.2}{\376\377\000C\000r\000e\000d\000i\000t\000\040\000c\000o\000n\000s\000t\000r\000a\000i\000n\000t\000s}{subsection.3.2}% 13
\BOOKMARK [3][-]{subsubsection.3.2.3}{\376\377\000I\000m\000p\000o\000r\000t\000\040\000s\000o\000u\000r\000c\000e\000s\000\040\000a\000n\000d\000\040\000e\000x\000p\000o\000r\000t\000\040\000m\000a\000r\000k\000e\000t\000s}{subsection.3.2}% 14
\BOOKMARK [3][-]{subsubsection.3.2.4}{\376\377\000F\000i\000r\000m\000-\000l\000e\000v\000e\000l\000\040\000m\000a\000r\000k\000u\000p}{subsection.3.2}% 15
\BOOKMARK [3][-]{subsubsection.3.2.5}{\376\377\000M\000a\000r\000k\000e\000t\000\040\000s\000h\000a\000r\000e}{subsection.3.2}% 16
\BOOKMARK [1][-]{section.4}{\376\377\000E\000m\000p\000i\000r\000i\000c\000a\000l\000\040\000R\000e\000s\000u\000l\000t\000s}{}% 17
\BOOKMARK [2][-]{subsection.4.1}{\376\377\000I\000m\000p\000o\000r\000t\000\040\000P\000a\000s\000s\000-\000t\000h\000r\000o\000u\000g\000h\000\040\000v\000s\000\040\000E\000x\000p\000o\000r\000t\000\040\000P\000a\000s\000s\000-\000t\000h\000r\000o\000u\000g\000h}{section.4}% 18
\BOOKMARK [2][-]{subsection.4.2}{\376\377\000E\000f\000f\000e\000c\000t\000s\000\040\000o\000f\000\040\000C\000r\000e\000d\000i\000t\000\040\000C\000o\000n\000s\000t\000r\000a\000i\000n\000t\000s}{section.4}% 19
\BOOKMARK [2][-]{subsection.4.3}{\376\377\000S\000o\000u\000r\000c\000i\000n\000g\000\040\000D\000i\000v\000e\000r\000s\000i\000t\000y\000\040\000a\000n\000d\000\040\000C\000r\000e\000d\000i\000t\000\040\000C\000o\000n\000s\000t\000r\000a\000i\000n\000t\000s}{section.4}% 20
\BOOKMARK [1][-]{section.5}{\376\377\000R\000o\000b\000u\000s\000t\000n\000e\000s\000s}{}% 21
\BOOKMARK [2][-]{subsection.5.1}{\376\377\000A\000l\000t\000e\000r\000n\000a\000t\000i\000v\000e\000\040\000M\000e\000a\000s\000u\000r\000e\000s\000\040\000o\000f\000\040\000C\000r\000e\000d\000i\000t\000\040\000C\000o\000n\000s\000t\000r\000a\000i\000n\000t\000s}{section.5}% 22
\BOOKMARK [2][-]{subsection.5.2}{\376\377\000S\000u\000b\000-\000s\000a\000m\000p\000l\000e\000\040\000T\000e\000s\000t\000:\000\040\000T\000w\000o\000-\000w\000a\000y\000\040\000t\000r\000a\000d\000e\000r\000s}{section.5}% 23
\BOOKMARK [2][-]{subsection.5.3}{\376\377\000S\000u\000b\000-\000s\000a\000m\000p\000l\000e\000\040\000T\000e\000s\000t\000:\000\040\000E\000x\000c\000l\000u\000d\000i\000n\000g\000\040\000U\000S\000\040\000D\000o\000l\000l\000a\000r\000\040\000P\000e\000g}{section.5}% 24
\BOOKMARK [1][-]{section.6}{\376\377\000D\000i\000s\000c\000u\000s\000s\000i\000o\000n\000s}{}% 25
\BOOKMARK [2][-]{subsection.6.1}{\376\377\000F\000i\000r\000m\000\040\000H\000e\000t\000e\000r\000o\000g\000e\000n\000e\000i\000t\000y\000\040\000i\000n\000\040\000M\000a\000r\000k\000u\000p}{section.6}% 26
\BOOKMARK [2][-]{subsection.6.2}{\376\377\000F\000i\000r\000m\000\040\000H\000e\000t\000e\000r\000o\000g\000e\000n\000e\000i\000t\000y\000\040\000i\000n\000\040\000M\000a\000r\000k\000e\000t\000\040\000S\000h\000a\000r\000e}{section.6}% 27
\BOOKMARK [2][-]{subsection.6.3}{\376\377\000F\000i\000r\000m\000\040\000H\000e\000t\000e\000r\000o\000g\000e\000n\000e\000i\000t\000y\000\040\000i\000n\000\040\000O\000w\000n\000e\000r\000s\000h\000i\000p}{section.6}% 28
\BOOKMARK [2][-]{subsection.6.4}{\376\377\000D\000i\000s\000c\000u\000s\000s\000i\000o\000n\000\040\000o\000n\000\040\000I\000m\000p\000o\000r\000t\000-\000e\000x\000p\000o\000r\000t\000\040\000L\000i\000n\000k\000a\000g\000e}{section.6}% 29
\BOOKMARK [2][-]{subsection.6.5}{\376\377\000D\000i\000s\000c\000u\000s\000s\000i\000o\000n\000\040\000o\000n\000\040\000t\000h\000e\000\040\000T\000r\000e\000n\000d\000\040\000o\000f\000\040\000C\000h\000i\000n\000a\040\031\000s\000\040\000E\000x\000c\000h\000a\000n\000g\000e\000\040\000R\000a\000t\000e\000\040\000P\000a\000s\000s\000-\000t\000h\000r\000o\000u\000g\000h}{section.6}% 30
\BOOKMARK [1][-]{section.7}{\376\377\000C\000o\000n\000c\000l\000u\000s\000i\000o\000n}{}% 31
